<?xml version="1.0" encoding="UTF-8"?>
<!-- Generated by org.testng.reporters.JUnitReportReporter -->
<testsuite hostname="DESKTOP-USOT6OF" failures="0" tests="1" name="smoke_Scenario.Login" time="0.015" errors="0" timestamp="2024-09-30T12:53:10 IST" skipped="0">
  <testcase classname="smoke_Scenario.Login" name="test" time="0.015"/>
  <system-out>
    <![CDATA[hi]]>
  </system-out>
</testsuite> <!-- smoke_Scenario.Login -->
